<?xml version="1.0" encoding="UTF-8"?>
<testsuite xmlns:xsi="http://www.w3.org/2001/XMLSchema-instance" xsi:noNamespaceSchemaLocation="https://maven.apache.org/surefire/maven-surefire-plugin/xsd/surefire-test-report.xsd" name="org.acme.resteasy.ExampleResourceTest" time="8.641" tests="1" errors="0" skipped="0" failures="0">
  <properties>
    <property name="sun.desktop" value="windows"/>
    <property name="awt.toolkit" value="sun.awt.windows.WToolkit"/>
    <property name="java.specification.version" value="11"/>
    <property name="sun.cpu.isalist" value="amd64"/>
    <property name="sun.jnu.encoding" value="Cp1252"/>
    <property name="java.class.path" value="C:\Users\na\Downloads\devops\Quarkus\quarkus-webinar\target\test-classes;C:\Users\na\Downloads\devops\Quarkus\quarkus-webinar\target\classes;C:\Users\na\.m2\repository\io\quarkus\quarkus-resteasy\1.8.3.Final\quarkus-resteasy-1.8.3.Final.jar;C:\Users\na\.m2\repository\io\quarkus\quarkus-vertx-http\1.8.3.Final\quarkus-vertx-http-1.8.3.Final.jar;C:\Users\na\.m2\repository\io\quarkus\quarkus-security-runtime-spi\1.8.3.Final\quarkus-security-runtime-spi-1.8.3.Final.jar;C:\Users\na\.m2\repository\io\quarkus\quarkus-development-mode-spi\1.8.3.Final\quarkus-development-mode-spi-1.8.3.Final.jar;C:\Users\na\.m2\repository\io\quarkus\security\quarkus-security\1.1.2.Final\quarkus-security-1.1.2.Final.jar;C:\Users\na\.m2\repository\io\smallrye\reactive\mutiny\0.7.0\mutiny-0.7.0.jar;C:\Users\na\.m2\repository\org\reactivestreams\reactive-streams\1.0.3\reactive-streams-1.0.3.jar;C:\Users\na\.m2\repository\jakarta\enterprise\jakarta.enterprise.cdi-api\2.0.2\jakarta.enterprise.cdi-api-2.0.2.jar;C:\Users\na\.m2\repository\jakarta\el\jakarta.el-api\3.0.3\jakarta.el-api-3.0.3.jar;C:\Users\na\.m2\repository\jakarta\interceptor\jakarta.interceptor-api\1.2.5\jakarta.interceptor-api-1.2.5.jar;C:\Users\na\.m2\repository\io\quarkus\quarkus-vertx-core\1.8.3.Final\quarkus-vertx-core-1.8.3.Final.jar;C:\Users\na\.m2\repository\io\quarkus\quarkus-netty\1.8.3.Final\quarkus-netty-1.8.3.Final.jar;C:\Users\na\.m2\repository\io\netty\netty-codec\4.1.49.Final\netty-codec-4.1.49.Final.jar;C:\Users\na\.m2\repository\io\netty\netty-handler\4.1.49.Final\netty-handler-4.1.49.Final.jar;C:\Users\na\.m2\repository\io\vertx\vertx-core\3.9.2\vertx-core-3.9.2.jar;C:\Users\na\.m2\repository\io\netty\netty-common\4.1.49.Final\netty-common-4.1.49.Final.jar;C:\Users\na\.m2\repository\io\netty\netty-buffer\4.1.49.Final\netty-buffer-4.1.49.Final.jar;C:\Users\na\.m2\repository\io\netty\netty-transport\4.1.49.Final\netty-transport-4.1.49.Final.jar;C:\Users\na\.m2\repository\io\netty\netty-handler-proxy\4.1.49.Final\netty-handler-proxy-4.1.49.Final.jar;C:\Users\na\.m2\repository\io\netty\netty-codec-socks\4.1.49.Final\netty-codec-socks-4.1.49.Final.jar;C:\Users\na\.m2\repository\io\netty\netty-codec-http\4.1.49.Final\netty-codec-http-4.1.49.Final.jar;C:\Users\na\.m2\repository\io\netty\netty-codec-http2\4.1.49.Final\netty-codec-http2-4.1.49.Final.jar;C:\Users\na\.m2\repository\io\netty\netty-resolver\4.1.49.Final\netty-resolver-4.1.49.Final.jar;C:\Users\na\.m2\repository\io\netty\netty-resolver-dns\4.1.49.Final\netty-resolver-dns-4.1.49.Final.jar;C:\Users\na\.m2\repository\io\netty\netty-codec-dns\4.1.49.Final\netty-codec-dns-4.1.49.Final.jar;C:\Users\na\.m2\repository\com\fasterxml\jackson\core\jackson-core\2.11.2\jackson-core-2.11.2.jar;C:\Users\na\.m2\repository\io\vertx\vertx-web\3.9.2\vertx-web-3.9.2.jar;C:\Users\na\.m2\repository\io\vertx\vertx-web-common\3.9.2\vertx-web-common-3.9.2.jar;C:\Users\na\.m2\repository\io\vertx\vertx-auth-common\3.9.2\vertx-auth-common-3.9.2.jar;C:\Users\na\.m2\repository\io\vertx\vertx-bridge-common\3.9.2\vertx-bridge-common-3.9.2.jar;C:\Users\na\.m2\repository\io\quarkus\quarkus-resteasy-server-common\1.8.3.Final\quarkus-resteasy-server-common-1.8.3.Final.jar;C:\Users\na\.m2\repository\io\quarkus\quarkus-resteasy-common\1.8.3.Final\quarkus-resteasy-common-1.8.3.Final.jar;C:\Users\na\.m2\repository\org\jboss\resteasy\resteasy-core\4.5.6.Final\resteasy-core-4.5.6.Final.jar;C:\Users\na\.m2\repository\org\jboss\spec\javax\ws\rs\jboss-jaxrs-api_2.1_spec\2.0.1.Final\jboss-jaxrs-api_2.1_spec-2.0.1.Final.jar;C:\Users\na\.m2\repository\org\jboss\spec\javax\xml\bind\jboss-jaxb-api_2.3_spec\2.0.0.Final\jboss-jaxb-api_2.3_spec-2.0.0.Final.jar;C:\Users\na\.m2\repository\org\jboss\resteasy\resteasy-core-spi\4.5.6.Final\resteasy-core-spi-4.5.6.Final.jar;C:\Users\na\.m2\repository\com\ibm\async\asyncutil\0.1.0\asyncutil-0.1.0.jar;C:\Users\na\.m2\repository\org\eclipse\microprofile\config\microprofile-config-api\1.4\microprofile-config-api-1.4.jar;C:\Users\na\.m2\repository\com\sun\activation\jakarta.activation\1.2.1\jakarta.activation-1.2.1.jar;C:\Users\na\.m2\repository\jakarta\validation\jakarta.validation-api\2.0.2\jakarta.validation-api-2.0.2.jar;C:\Users\na\.m2\repository\io\quarkus\quarkus-arc\1.8.3.Final\quarkus-arc-1.8.3.Final.jar;C:\Users\na\.m2\repository\io\quarkus\arc\arc\1.8.3.Final\arc-1.8.3.Final.jar;C:\Users\na\.m2\repository\jakarta\annotation\jakarta.annotation-api\1.3.5\jakarta.annotation-api-1.3.5.jar;C:\Users\na\.m2\repository\jakarta\transaction\jakarta.transaction-api\1.3.3\jakarta.transaction-api-1.3.3.jar;C:\Users\na\.m2\repository\org\jboss\logging\jboss-logging\3.4.1.Final\jboss-logging-3.4.1.Final.jar;C:\Users\na\.m2\repository\io\quarkus\quarkus-core\1.8.3.Final\quarkus-core-1.8.3.Final.jar;C:\Users\na\.m2\repository\jakarta\inject\jakarta.inject-api\1.0\jakarta.inject-api-1.0.jar;C:\Users\na\.m2\repository\io\quarkus\quarkus-ide-launcher\1.8.3.Final\quarkus-ide-launcher-1.8.3.Final.jar;C:\Users\na\.m2\repository\io\smallrye\config\smallrye-config\1.8.6\smallrye-config-1.8.6.jar;C:\Users\na\.m2\repository\io\smallrye\common\smallrye-common-annotation\1.3.0\smallrye-common-annotation-1.3.0.jar;C:\Users\na\.m2\repository\io\smallrye\config\smallrye-config-common\1.8.6\smallrye-config-common-1.8.6.jar;C:\Users\na\.m2\repository\io\smallrye\common\smallrye-common-expression\1.1.0\smallrye-common-expression-1.1.0.jar;C:\Users\na\.m2\repository\io\smallrye\common\smallrye-common-function\1.1.0\smallrye-common-function-1.1.0.jar;C:\Users\na\.m2\repository\io\smallrye\common\smallrye-common-constraint\1.1.0\smallrye-common-constraint-1.1.0.jar;C:\Users\na\.m2\repository\org\jboss\logmanager\jboss-logmanager-embedded\1.0.4\jboss-logmanager-embedded-1.0.4.jar;C:\Users\na\.m2\repository\org\jboss\logging\jboss-logging-annotations\2.1.0.Final\jboss-logging-annotations-2.1.0.Final.jar;C:\Users\na\.m2\repository\org\jboss\threads\jboss-threads\3.1.1.Final\jboss-threads-3.1.1.Final.jar;C:\Users\na\.m2\repository\org\slf4j\slf4j-api\1.7.30\slf4j-api-1.7.30.jar;C:\Users\na\.m2\repository\org\jboss\slf4j\slf4j-jboss-logging\1.2.0.Final\slf4j-jboss-logging-1.2.0.Final.jar;C:\Users\na\.m2\repository\org\graalvm\sdk\graal-sdk\20.2.0\graal-sdk-20.2.0.jar;C:\Users\na\.m2\repository\org\wildfly\common\wildfly-common\1.5.4.Final-format-001\wildfly-common-1.5.4.Final-format-001.jar;C:\Users\na\.m2\repository\io\quarkus\quarkus-bootstrap-runner\1.8.3.Final\quarkus-bootstrap-runner-1.8.3.Final.jar;C:\Users\na\.m2\repository\org\eclipse\microprofile\context-propagation\microprofile-context-propagation-api\1.0.1\microprofile-context-propagation-api-1.0.1.jar;C:\Users\na\.m2\repository\io\quarkus\quarkus-junit5\1.8.3.Final\quarkus-junit5-1.8.3.Final.jar;C:\Users\na\.m2\repository\io\quarkus\quarkus-bootstrap-core\1.8.3.Final\quarkus-bootstrap-core-1.8.3.Final.jar;C:\Users\na\.m2\repository\io\quarkus\quarkus-bootstrap-app-model\1.8.3.Final\quarkus-bootstrap-app-model-1.8.3.Final.jar;C:\Users\na\.m2\repository\io\quarkus\quarkus-bootstrap-maven-resolver\1.8.3.Final\quarkus-bootstrap-maven-resolver-1.8.3.Final.jar;C:\Users\na\.m2\repository\org\apache\maven\maven-embedder\3.6.3\maven-embedder-3.6.3.jar;C:\Users\na\.m2\repository\org\apache\maven\maven-settings\3.6.3\maven-settings-3.6.3.jar;C:\Users\na\.m2\repository\org\apache\maven\maven-core\3.6.3\maven-core-3.6.3.jar;C:\Users\na\.m2\repository\org\apache\maven\maven-artifact\3.6.3\maven-artifact-3.6.3.jar;C:\Users\na\.m2\repository\org\codehaus\plexus\plexus-component-annotations\2.1.0\plexus-component-annotations-2.1.0.jar;C:\Users\na\.m2\repository\org\apache\maven\maven-plugin-api\3.6.3\maven-plugin-api-3.6.3.jar;C:\Users\na\.m2\repository\org\apache\maven\maven-model\3.6.3\maven-model-3.6.3.jar;C:\Users\na\.m2\repository\org\apache\maven\maven-model-builder\3.6.3\maven-model-builder-3.6.3.jar;C:\Users\na\.m2\repository\org\apache\maven\maven-builder-support\3.6.3\maven-builder-support-3.6.3.jar;C:\Users\na\.m2\repository\org\apache\maven\resolver\maven-resolver-api\1.4.1\maven-resolver-api-1.4.1.jar;C:\Users\na\.m2\repository\org\apache\maven\resolver\maven-resolver-util\1.4.1\maven-resolver-util-1.4.1.jar;C:\Users\na\.m2\repository\org\apache\maven\shared\maven-shared-utils\3.2.1\maven-shared-utils-3.2.1.jar;C:\Users\na\.m2\repository\commons-io\commons-io\2.7\commons-io-2.7.jar;C:\Users\na\.m2\repository\com\google\inject\guice\4.2.1\guice-4.2.1-no_aop.jar;C:\Users\na\.m2\repository\com\google\guava\guava\29.0-jre\guava-29.0-jre.jar;C:\Users\na\.m2\repository\com\google\guava\failureaccess\1.0.1\failureaccess-1.0.1.jar;C:\Users\na\.m2\repository\com\google\guava\listenablefuture\9999.0-empty-to-avoid-conflict-with-guava\listenablefuture-9999.0-empty-to-avoid-conflict-with-guava.jar;C:\Users\na\.m2\repository\org\codehaus\plexus\plexus-utils\3.2.1\plexus-utils-3.2.1.jar;C:\Users\na\.m2\repository\org\codehaus\plexus\plexus-classworlds\2.5.2\plexus-classworlds-2.5.2.jar;C:\Users\na\.m2\repository\commons-cli\commons-cli\1.4\commons-cli-1.4.jar;C:\Users\na\.m2\repository\org\eclipse\sisu\org.eclipse.sisu.plexus\0.3.4\org.eclipse.sisu.plexus-0.3.4.jar;C:\Users\na\.m2\repository\org\apache\maven\maven-settings-builder\3.6.3\maven-settings-builder-3.6.3.jar;C:\Users\na\.m2\repository\org\codehaus\plexus\plexus-interpolation\1.25\plexus-interpolation-1.25.jar;C:\Users\na\.m2\repository\org\sonatype\plexus\plexus-sec-dispatcher\1.4\plexus-sec-dispatcher-1.4.jar;C:\Users\na\.m2\repository\org\sonatype\plexus\plexus-cipher\1.4\plexus-cipher-1.4.jar;C:\Users\na\.m2\repository\org\apache\maven\maven-resolver-provider\3.6.3\maven-resolver-provider-3.6.3.jar;C:\Users\na\.m2\repository\org\apache\maven\maven-repository-metadata\3.6.3\maven-repository-metadata-3.6.3.jar;C:\Users\na\.m2\repository\org\apache\maven\resolver\maven-resolver-spi\1.4.1\maven-resolver-spi-1.4.1.jar;C:\Users\na\.m2\repository\org\apache\maven\resolver\maven-resolver-impl\1.4.1\maven-resolver-impl-1.4.1.jar;C:\Users\na\.m2\repository\org\apache\maven\resolver\maven-resolver-connector-basic\1.4.1\maven-resolver-connector-basic-1.4.1.jar;C:\Users\na\.m2\repository\org\apache\maven\resolver\maven-resolver-transport-wagon\1.4.1\maven-resolver-transport-wagon-1.4.1.jar;C:\Users\na\.m2\repository\org\apache\maven\wagon\wagon-http\3.3.4\wagon-http-3.3.4.jar;C:\Users\na\.m2\repository\org\apache\maven\wagon\wagon-http-shared\3.3.4\wagon-http-shared-3.3.4.jar;C:\Users\na\.m2\repository\org\jsoup\jsoup\1.12.1\jsoup-1.12.1.jar;C:\Users\na\.m2\repository\org\apache\maven\wagon\wagon-provider-api\3.3.4\wagon-provider-api-3.3.4.jar;C:\Users\na\.m2\repository\org\apache\maven\wagon\wagon-file\3.3.4\wagon-file-3.3.4.jar;C:\Users\na\.m2\repository\io\quarkus\quarkus-bootstrap-gradle-resolver\1.8.3.Final\quarkus-bootstrap-gradle-resolver-1.8.3.Final.jar;C:\Users\na\.m2\repository\io\smallrye\common\smallrye-common-io\1.3.0\smallrye-common-io-1.3.0.jar;C:\Users\na\.m2\repository\org\eclipse\sisu\org.eclipse.sisu.inject\0.3.4\org.eclipse.sisu.inject-0.3.4.jar;C:\Users\na\.m2\repository\io\quarkus\quarkus-test-common\1.8.3.Final\quarkus-test-common-1.8.3.Final.jar;C:\Users\na\.m2\repository\io\quarkus\quarkus-core-deployment\1.8.3.Final\quarkus-core-deployment-1.8.3.Final.jar;C:\Users\na\.m2\repository\io\quarkus\gizmo\gizmo\1.0.4.Final\gizmo-1.0.4.Final.jar;C:\Users\na\.m2\repository\org\ow2\asm\asm-util\8.0.1\asm-util-8.0.1.jar;C:\Users\na\.m2\repository\org\ow2\asm\asm-tree\8.0.1\asm-tree-8.0.1.jar;C:\Users\na\.m2\repository\org\ow2\asm\asm-analysis\8.0.1\asm-analysis-8.0.1.jar;C:\Users\na\.m2\repository\org\ow2\asm\asm\8.0.1\asm-8.0.1.jar;C:\Users\na\.m2\repository\io\quarkus\quarkus-devtools-utilities\1.8.3.Final\quarkus-devtools-utilities-1.8.3.Final.jar;C:\Users\na\.m2\repository\io\quarkus\quarkus-builder\1.8.3.Final\quarkus-builder-1.8.3.Final.jar;C:\Users\na\.m2\repository\io\quarkus\quarkus-jsonp-deployment\1.8.3.Final\quarkus-jsonp-deployment-1.8.3.Final.jar;C:\Users\na\.m2\repository\io\quarkus\quarkus-jsonp\1.8.3.Final\quarkus-jsonp-1.8.3.Final.jar;C:\Users\na\.m2\repository\org\glassfish\jakarta.json\1.1.6\jakarta.json-1.1.6.jar;C:\Users\na\.m2\repository\org\jboss\jandex\2.2.1.Final\jandex-2.2.1.Final.jar;C:\Users\na\.m2\repository\org\jboss\logging\commons-logging-jboss-logging\1.0.0.Final\commons-logging-jboss-logging-1.0.0.Final.jar;C:\Users\na\.m2\repository\org\junit\jupiter\junit-jupiter\5.6.2\junit-jupiter-5.6.2.jar;C:\Users\na\.m2\repository\org\junit\jupiter\junit-jupiter-api\5.6.2\junit-jupiter-api-5.6.2.jar;C:\Users\na\.m2\repository\org\apiguardian\apiguardian-api\1.1.0\apiguardian-api-1.1.0.jar;C:\Users\na\.m2\repository\org\opentest4j\opentest4j\1.2.0\opentest4j-1.2.0.jar;C:\Users\na\.m2\repository\org\junit\platform\junit-platform-commons\1.6.2\junit-platform-commons-1.6.2.jar;C:\Users\na\.m2\repository\org\junit\jupiter\junit-jupiter-params\5.6.2\junit-jupiter-params-5.6.2.jar;C:\Users\na\.m2\repository\org\junit\jupiter\junit-jupiter-engine\5.6.2\junit-jupiter-engine-5.6.2.jar;C:\Users\na\.m2\repository\org\junit\platform\junit-platform-engine\1.6.2\junit-platform-engine-1.6.2.jar;C:\Users\na\.m2\repository\com\thoughtworks\xstream\xstream\1.4.11.1\xstream-1.4.11.1.jar;C:\Users\na\.m2\repository\xmlpull\xmlpull\1.1.3.1\xmlpull-1.1.3.1.jar;C:\Users\na\.m2\repository\xpp3\xpp3_min\1.1.4c\xpp3_min-1.1.4c.jar;C:\Users\na\.m2\repository\io\rest-assured\rest-assured\4.3.0\rest-assured-4.3.0.jar;C:\Users\na\.m2\repository\org\codehaus\groovy\groovy\3.0.5\groovy-3.0.5.jar;C:\Users\na\.m2\repository\org\codehaus\groovy\groovy-xml\3.0.2\groovy-xml-3.0.2.jar;C:\Users\na\.m2\repository\org\apache\httpcomponents\httpclient\4.5.12\httpclient-4.5.12.jar;C:\Users\na\.m2\repository\org\apache\httpcomponents\httpcore\4.4.13\httpcore-4.4.13.jar;C:\Users\na\.m2\repository\commons-codec\commons-codec\1.14\commons-codec-1.14.jar;C:\Users\na\.m2\repository\org\apache\httpcomponents\httpmime\4.5.12\httpmime-4.5.12.jar;C:\Users\na\.m2\repository\org\hamcrest\hamcrest\2.1\hamcrest-2.1.jar;C:\Users\na\.m2\repository\org\ccil\cowan\tagsoup\tagsoup\1.2.1\tagsoup-1.2.1.jar;C:\Users\na\.m2\repository\io\rest-assured\json-path\4.3.0\json-path-4.3.0.jar;C:\Users\na\.m2\repository\org\codehaus\groovy\groovy-json\3.0.5\groovy-json-3.0.5.jar;C:\Users\na\.m2\repository\io\rest-assured\rest-assured-common\4.3.0\rest-assured-common-4.3.0.jar;C:\Users\na\.m2\repository\io\rest-assured\xml-path\4.3.0\xml-path-4.3.0.jar;C:\Users\na\.m2\repository\org\apache\commons\commons-lang3\3.9\commons-lang3-3.9.jar;C:\Users\na\.m2\repository\jakarta\xml\bind\jakarta.xml.bind-api\2.3.2\jakarta.xml.bind-api-2.3.2.jar;C:\Users\na\.m2\repository\jakarta\activation\jakarta.activation-api\1.2.1\jakarta.activation-api-1.2.1.jar;C:\Users\na\.m2\repository\org\apache\sling\org.apache.sling.javax.activation\0.1.0\org.apache.sling.javax.activation-0.1.0.jar;C:\Users\na\.m2\repository\io\quarkus\quarkus-openshift\1.8.3.Final\quarkus-openshift-1.8.3.Final.jar;C:\Users\na\.m2\repository\io\quarkus\quarkus-kubernetes-client-internal\1.8.3.Final\quarkus-kubernetes-client-internal-1.8.3.Final.jar;"/>
    <property name="java.vm.vendor" value="Oracle Corporation"/>
    <property name="sun.arch.data.model" value="64"/>
    <property name="user.variant" value=""/>
    <property name="java.vendor.url" value="http://java.oracle.com/"/>
    <property name="user.timezone" value="Asia/Muscat"/>
    <property name="java.vm.specification.version" value="11"/>
    <property name="os.name" value="Windows 10"/>
    <property name="sun.java.launcher" value="SUN_STANDARD"/>
    <property name="user.country" value="US"/>
    <property name="sun.boot.library.path" value="C:\Users\na\AppData\Local\jdk-11.0.2\bin"/>
    <property name="sun.java.command" value="C:\Users\na\AppData\Local\Temp\surefire3481981825186156905\surefirebooter3374550783146695836.jar C:\Users\na\AppData\Local\Temp\surefire3481981825186156905 2022-09-12T13-39-09_783-jvmRun1 surefire2294382703310987041tmp surefire_02695123645545594423tmp"/>
    <property name="jdk.debug" value="release"/>
    <property name="maven.home" value="C:\Users\na\.m2\wrapper\dists\apache-maven-3.6.3-bin\1iopthnavndlasol9gbrbg6bf2\apache-maven-3.6.3"/>
    <property name="surefire.test.class.path" value="C:\Users\na\Downloads\devops\Quarkus\quarkus-webinar\target\test-classes;C:\Users\na\Downloads\devops\Quarkus\quarkus-webinar\target\classes;C:\Users\na\.m2\repository\io\quarkus\quarkus-resteasy\1.8.3.Final\quarkus-resteasy-1.8.3.Final.jar;C:\Users\na\.m2\repository\io\quarkus\quarkus-vertx-http\1.8.3.Final\quarkus-vertx-http-1.8.3.Final.jar;C:\Users\na\.m2\repository\io\quarkus\quarkus-security-runtime-spi\1.8.3.Final\quarkus-security-runtime-spi-1.8.3.Final.jar;C:\Users\na\.m2\repository\io\quarkus\quarkus-development-mode-spi\1.8.3.Final\quarkus-development-mode-spi-1.8.3.Final.jar;C:\Users\na\.m2\repository\io\quarkus\security\quarkus-security\1.1.2.Final\quarkus-security-1.1.2.Final.jar;C:\Users\na\.m2\repository\io\smallrye\reactive\mutiny\0.7.0\mutiny-0.7.0.jar;C:\Users\na\.m2\repository\org\reactivestreams\reactive-streams\1.0.3\reactive-streams-1.0.3.jar;C:\Users\na\.m2\repository\jakarta\enterprise\jakarta.enterprise.cdi-api\2.0.2\jakarta.enterprise.cdi-api-2.0.2.jar;C:\Users\na\.m2\repository\jakarta\el\jakarta.el-api\3.0.3\jakarta.el-api-3.0.3.jar;C:\Users\na\.m2\repository\jakarta\interceptor\jakarta.interceptor-api\1.2.5\jakarta.interceptor-api-1.2.5.jar;C:\Users\na\.m2\repository\io\quarkus\quarkus-vertx-core\1.8.3.Final\quarkus-vertx-core-1.8.3.Final.jar;C:\Users\na\.m2\repository\io\quarkus\quarkus-netty\1.8.3.Final\quarkus-netty-1.8.3.Final.jar;C:\Users\na\.m2\repository\io\netty\netty-codec\4.1.49.Final\netty-codec-4.1.49.Final.jar;C:\Users\na\.m2\repository\io\netty\netty-handler\4.1.49.Final\netty-handler-4.1.49.Final.jar;C:\Users\na\.m2\repository\io\vertx\vertx-core\3.9.2\vertx-core-3.9.2.jar;C:\Users\na\.m2\repository\io\netty\netty-common\4.1.49.Final\netty-common-4.1.49.Final.jar;C:\Users\na\.m2\repository\io\netty\netty-buffer\4.1.49.Final\netty-buffer-4.1.49.Final.jar;C:\Users\na\.m2\repository\io\netty\netty-transport\4.1.49.Final\netty-transport-4.1.49.Final.jar;C:\Users\na\.m2\repository\io\netty\netty-handler-proxy\4.1.49.Final\netty-handler-proxy-4.1.49.Final.jar;C:\Users\na\.m2\repository\io\netty\netty-codec-socks\4.1.49.Final\netty-codec-socks-4.1.49.Final.jar;C:\Users\na\.m2\repository\io\netty\netty-codec-http\4.1.49.Final\netty-codec-http-4.1.49.Final.jar;C:\Users\na\.m2\repository\io\netty\netty-codec-http2\4.1.49.Final\netty-codec-http2-4.1.49.Final.jar;C:\Users\na\.m2\repository\io\netty\netty-resolver\4.1.49.Final\netty-resolver-4.1.49.Final.jar;C:\Users\na\.m2\repository\io\netty\netty-resolver-dns\4.1.49.Final\netty-resolver-dns-4.1.49.Final.jar;C:\Users\na\.m2\repository\io\netty\netty-codec-dns\4.1.49.Final\netty-codec-dns-4.1.49.Final.jar;C:\Users\na\.m2\repository\com\fasterxml\jackson\core\jackson-core\2.11.2\jackson-core-2.11.2.jar;C:\Users\na\.m2\repository\io\vertx\vertx-web\3.9.2\vertx-web-3.9.2.jar;C:\Users\na\.m2\repository\io\vertx\vertx-web-common\3.9.2\vertx-web-common-3.9.2.jar;C:\Users\na\.m2\repository\io\vertx\vertx-auth-common\3.9.2\vertx-auth-common-3.9.2.jar;C:\Users\na\.m2\repository\io\vertx\vertx-bridge-common\3.9.2\vertx-bridge-common-3.9.2.jar;C:\Users\na\.m2\repository\io\quarkus\quarkus-resteasy-server-common\1.8.3.Final\quarkus-resteasy-server-common-1.8.3.Final.jar;C:\Users\na\.m2\repository\io\quarkus\quarkus-resteasy-common\1.8.3.Final\quarkus-resteasy-common-1.8.3.Final.jar;C:\Users\na\.m2\repository\org\jboss\resteasy\resteasy-core\4.5.6.Final\resteasy-core-4.5.6.Final.jar;C:\Users\na\.m2\repository\org\jboss\spec\javax\ws\rs\jboss-jaxrs-api_2.1_spec\2.0.1.Final\jboss-jaxrs-api_2.1_spec-2.0.1.Final.jar;C:\Users\na\.m2\repository\org\jboss\spec\javax\xml\bind\jboss-jaxb-api_2.3_spec\2.0.0.Final\jboss-jaxb-api_2.3_spec-2.0.0.Final.jar;C:\Users\na\.m2\repository\org\jboss\resteasy\resteasy-core-spi\4.5.6.Final\resteasy-core-spi-4.5.6.Final.jar;C:\Users\na\.m2\repository\com\ibm\async\asyncutil\0.1.0\asyncutil-0.1.0.jar;C:\Users\na\.m2\repository\org\eclipse\microprofile\config\microprofile-config-api\1.4\microprofile-config-api-1.4.jar;C:\Users\na\.m2\repository\com\sun\activation\jakarta.activation\1.2.1\jakarta.activation-1.2.1.jar;C:\Users\na\.m2\repository\jakarta\validation\jakarta.validation-api\2.0.2\jakarta.validation-api-2.0.2.jar;C:\Users\na\.m2\repository\io\quarkus\quarkus-arc\1.8.3.Final\quarkus-arc-1.8.3.Final.jar;C:\Users\na\.m2\repository\io\quarkus\arc\arc\1.8.3.Final\arc-1.8.3.Final.jar;C:\Users\na\.m2\repository\jakarta\annotation\jakarta.annotation-api\1.3.5\jakarta.annotation-api-1.3.5.jar;C:\Users\na\.m2\repository\jakarta\transaction\jakarta.transaction-api\1.3.3\jakarta.transaction-api-1.3.3.jar;C:\Users\na\.m2\repository\org\jboss\logging\jboss-logging\3.4.1.Final\jboss-logging-3.4.1.Final.jar;C:\Users\na\.m2\repository\io\quarkus\quarkus-core\1.8.3.Final\quarkus-core-1.8.3.Final.jar;C:\Users\na\.m2\repository\jakarta\inject\jakarta.inject-api\1.0\jakarta.inject-api-1.0.jar;C:\Users\na\.m2\repository\io\quarkus\quarkus-ide-launcher\1.8.3.Final\quarkus-ide-launcher-1.8.3.Final.jar;C:\Users\na\.m2\repository\io\smallrye\config\smallrye-config\1.8.6\smallrye-config-1.8.6.jar;C:\Users\na\.m2\repository\io\smallrye\common\smallrye-common-annotation\1.3.0\smallrye-common-annotation-1.3.0.jar;C:\Users\na\.m2\repository\io\smallrye\config\smallrye-config-common\1.8.6\smallrye-config-common-1.8.6.jar;C:\Users\na\.m2\repository\io\smallrye\common\smallrye-common-expression\1.1.0\smallrye-common-expression-1.1.0.jar;C:\Users\na\.m2\repository\io\smallrye\common\smallrye-common-function\1.1.0\smallrye-common-function-1.1.0.jar;C:\Users\na\.m2\repository\io\smallrye\common\smallrye-common-constraint\1.1.0\smallrye-common-constraint-1.1.0.jar;C:\Users\na\.m2\repository\org\jboss\logmanager\jboss-logmanager-embedded\1.0.4\jboss-logmanager-embedded-1.0.4.jar;C:\Users\na\.m2\repository\org\jboss\logging\jboss-logging-annotations\2.1.0.Final\jboss-logging-annotations-2.1.0.Final.jar;C:\Users\na\.m2\repository\org\jboss\threads\jboss-threads\3.1.1.Final\jboss-threads-3.1.1.Final.jar;C:\Users\na\.m2\repository\org\slf4j\slf4j-api\1.7.30\slf4j-api-1.7.30.jar;C:\Users\na\.m2\repository\org\jboss\slf4j\slf4j-jboss-logging\1.2.0.Final\slf4j-jboss-logging-1.2.0.Final.jar;C:\Users\na\.m2\repository\org\graalvm\sdk\graal-sdk\20.2.0\graal-sdk-20.2.0.jar;C:\Users\na\.m2\repository\org\wildfly\common\wildfly-common\1.5.4.Final-format-001\wildfly-common-1.5.4.Final-format-001.jar;C:\Users\na\.m2\repository\io\quarkus\quarkus-bootstrap-runner\1.8.3.Final\quarkus-bootstrap-runner-1.8.3.Final.jar;C:\Users\na\.m2\repository\org\eclipse\microprofile\context-propagation\microprofile-context-propagation-api\1.0.1\microprofile-context-propagation-api-1.0.1.jar;C:\Users\na\.m2\repository\io\quarkus\quarkus-junit5\1.8.3.Final\quarkus-junit5-1.8.3.Final.jar;C:\Users\na\.m2\repository\io\quarkus\quarkus-bootstrap-core\1.8.3.Final\quarkus-bootstrap-core-1.8.3.Final.jar;C:\Users\na\.m2\repository\io\quarkus\quarkus-bootstrap-app-model\1.8.3.Final\quarkus-bootstrap-app-model-1.8.3.Final.jar;C:\Users\na\.m2\repository\io\quarkus\quarkus-bootstrap-maven-resolver\1.8.3.Final\quarkus-bootstrap-maven-resolver-1.8.3.Final.jar;C:\Users\na\.m2\repository\org\apache\maven\maven-embedder\3.6.3\maven-embedder-3.6.3.jar;C:\Users\na\.m2\repository\org\apache\maven\maven-settings\3.6.3\maven-settings-3.6.3.jar;C:\Users\na\.m2\repository\org\apache\maven\maven-core\3.6.3\maven-core-3.6.3.jar;C:\Users\na\.m2\repository\org\apache\maven\maven-artifact\3.6.3\maven-artifact-3.6.3.jar;C:\Users\na\.m2\repository\org\codehaus\plexus\plexus-component-annotations\2.1.0\plexus-component-annotations-2.1.0.jar;C:\Users\na\.m2\repository\org\apache\maven\maven-plugin-api\3.6.3\maven-plugin-api-3.6.3.jar;C:\Users\na\.m2\repository\org\apache\maven\maven-model\3.6.3\maven-model-3.6.3.jar;C:\Users\na\.m2\repository\org\apache\maven\maven-model-builder\3.6.3\maven-model-builder-3.6.3.jar;C:\Users\na\.m2\repository\org\apache\maven\maven-builder-support\3.6.3\maven-builder-support-3.6.3.jar;C:\Users\na\.m2\repository\org\apache\maven\resolver\maven-resolver-api\1.4.1\maven-resolver-api-1.4.1.jar;C:\Users\na\.m2\repository\org\apache\maven\resolver\maven-resolver-util\1.4.1\maven-resolver-util-1.4.1.jar;C:\Users\na\.m2\repository\org\apache\maven\shared\maven-shared-utils\3.2.1\maven-shared-utils-3.2.1.jar;C:\Users\na\.m2\repository\commons-io\commons-io\2.7\commons-io-2.7.jar;C:\Users\na\.m2\repository\com\google\inject\guice\4.2.1\guice-4.2.1-no_aop.jar;C:\Users\na\.m2\repository\com\google\guava\guava\29.0-jre\guava-29.0-jre.jar;C:\Users\na\.m2\repository\com\google\guava\failureaccess\1.0.1\failureaccess-1.0.1.jar;C:\Users\na\.m2\repository\com\google\guava\listenablefuture\9999.0-empty-to-avoid-conflict-with-guava\listenablefuture-9999.0-empty-to-avoid-conflict-with-guava.jar;C:\Users\na\.m2\repository\org\codehaus\plexus\plexus-utils\3.2.1\plexus-utils-3.2.1.jar;C:\Users\na\.m2\repository\org\codehaus\plexus\plexus-classworlds\2.5.2\plexus-classworlds-2.5.2.jar;C:\Users\na\.m2\repository\commons-cli\commons-cli\1.4\commons-cli-1.4.jar;C:\Users\na\.m2\repository\org\eclipse\sisu\org.eclipse.sisu.plexus\0.3.4\org.eclipse.sisu.plexus-0.3.4.jar;C:\Users\na\.m2\repository\org\apache\maven\maven-settings-builder\3.6.3\maven-settings-builder-3.6.3.jar;C:\Users\na\.m2\repository\org\codehaus\plexus\plexus-interpolation\1.25\plexus-interpolation-1.25.jar;C:\Users\na\.m2\repository\org\sonatype\plexus\plexus-sec-dispatcher\1.4\plexus-sec-dispatcher-1.4.jar;C:\Users\na\.m2\repository\org\sonatype\plexus\plexus-cipher\1.4\plexus-cipher-1.4.jar;C:\Users\na\.m2\repository\org\apache\maven\maven-resolver-provider\3.6.3\maven-resolver-provider-3.6.3.jar;C:\Users\na\.m2\repository\org\apache\maven\maven-repository-metadata\3.6.3\maven-repository-metadata-3.6.3.jar;C:\Users\na\.m2\repository\org\apache\maven\resolver\maven-resolver-spi\1.4.1\maven-resolver-spi-1.4.1.jar;C:\Users\na\.m2\repository\org\apache\maven\resolver\maven-resolver-impl\1.4.1\maven-resolver-impl-1.4.1.jar;C:\Users\na\.m2\repository\org\apache\maven\resolver\maven-resolver-connector-basic\1.4.1\maven-resolver-connector-basic-1.4.1.jar;C:\Users\na\.m2\repository\org\apache\maven\resolver\maven-resolver-transport-wagon\1.4.1\maven-resolver-transport-wagon-1.4.1.jar;C:\Users\na\.m2\repository\org\apache\maven\wagon\wagon-http\3.3.4\wagon-http-3.3.4.jar;C:\Users\na\.m2\repository\org\apache\maven\wagon\wagon-http-shared\3.3.4\wagon-http-shared-3.3.4.jar;C:\Users\na\.m2\repository\org\jsoup\jsoup\1.12.1\jsoup-1.12.1.jar;C:\Users\na\.m2\repository\org\apache\maven\wagon\wagon-provider-api\3.3.4\wagon-provider-api-3.3.4.jar;C:\Users\na\.m2\repository\org\apache\maven\wagon\wagon-file\3.3.4\wagon-file-3.3.4.jar;C:\Users\na\.m2\repository\io\quarkus\quarkus-bootstrap-gradle-resolver\1.8.3.Final\quarkus-bootstrap-gradle-resolver-1.8.3.Final.jar;C:\Users\na\.m2\repository\io\smallrye\common\smallrye-common-io\1.3.0\smallrye-common-io-1.3.0.jar;C:\Users\na\.m2\repository\org\eclipse\sisu\org.eclipse.sisu.inject\0.3.4\org.eclipse.sisu.inject-0.3.4.jar;C:\Users\na\.m2\repository\io\quarkus\quarkus-test-common\1.8.3.Final\quarkus-test-common-1.8.3.Final.jar;C:\Users\na\.m2\repository\io\quarkus\quarkus-core-deployment\1.8.3.Final\quarkus-core-deployment-1.8.3.Final.jar;C:\Users\na\.m2\repository\io\quarkus\gizmo\gizmo\1.0.4.Final\gizmo-1.0.4.Final.jar;C:\Users\na\.m2\repository\org\ow2\asm\asm-util\8.0.1\asm-util-8.0.1.jar;C:\Users\na\.m2\repository\org\ow2\asm\asm-tree\8.0.1\asm-tree-8.0.1.jar;C:\Users\na\.m2\repository\org\ow2\asm\asm-analysis\8.0.1\asm-analysis-8.0.1.jar;C:\Users\na\.m2\repository\org\ow2\asm\asm\8.0.1\asm-8.0.1.jar;C:\Users\na\.m2\repository\io\quarkus\quarkus-devtools-utilities\1.8.3.Final\quarkus-devtools-utilities-1.8.3.Final.jar;C:\Users\na\.m2\repository\io\quarkus\quarkus-builder\1.8.3.Final\quarkus-builder-1.8.3.Final.jar;C:\Users\na\.m2\repository\io\quarkus\quarkus-jsonp-deployment\1.8.3.Final\quarkus-jsonp-deployment-1.8.3.Final.jar;C:\Users\na\.m2\repository\io\quarkus\quarkus-jsonp\1.8.3.Final\quarkus-jsonp-1.8.3.Final.jar;C:\Users\na\.m2\repository\org\glassfish\jakarta.json\1.1.6\jakarta.json-1.1.6.jar;C:\Users\na\.m2\repository\org\jboss\jandex\2.2.1.Final\jandex-2.2.1.Final.jar;C:\Users\na\.m2\repository\org\jboss\logging\commons-logging-jboss-logging\1.0.0.Final\commons-logging-jboss-logging-1.0.0.Final.jar;C:\Users\na\.m2\repository\org\junit\jupiter\junit-jupiter\5.6.2\junit-jupiter-5.6.2.jar;C:\Users\na\.m2\repository\org\junit\jupiter\junit-jupiter-api\5.6.2\junit-jupiter-api-5.6.2.jar;C:\Users\na\.m2\repository\org\apiguardian\apiguardian-api\1.1.0\apiguardian-api-1.1.0.jar;C:\Users\na\.m2\repository\org\opentest4j\opentest4j\1.2.0\opentest4j-1.2.0.jar;C:\Users\na\.m2\repository\org\junit\platform\junit-platform-commons\1.6.2\junit-platform-commons-1.6.2.jar;C:\Users\na\.m2\repository\org\junit\jupiter\junit-jupiter-params\5.6.2\junit-jupiter-params-5.6.2.jar;C:\Users\na\.m2\repository\org\junit\jupiter\junit-jupiter-engine\5.6.2\junit-jupiter-engine-5.6.2.jar;C:\Users\na\.m2\repository\org\junit\platform\junit-platform-engine\1.6.2\junit-platform-engine-1.6.2.jar;C:\Users\na\.m2\repository\com\thoughtworks\xstream\xstream\1.4.11.1\xstream-1.4.11.1.jar;C:\Users\na\.m2\repository\xmlpull\xmlpull\1.1.3.1\xmlpull-1.1.3.1.jar;C:\Users\na\.m2\repository\xpp3\xpp3_min\1.1.4c\xpp3_min-1.1.4c.jar;C:\Users\na\.m2\repository\io\rest-assured\rest-assured\4.3.0\rest-assured-4.3.0.jar;C:\Users\na\.m2\repository\org\codehaus\groovy\groovy\3.0.5\groovy-3.0.5.jar;C:\Users\na\.m2\repository\org\codehaus\groovy\groovy-xml\3.0.2\groovy-xml-3.0.2.jar;C:\Users\na\.m2\repository\org\apache\httpcomponents\httpclient\4.5.12\httpclient-4.5.12.jar;C:\Users\na\.m2\repository\org\apache\httpcomponents\httpcore\4.4.13\httpcore-4.4.13.jar;C:\Users\na\.m2\repository\commons-codec\commons-codec\1.14\commons-codec-1.14.jar;C:\Users\na\.m2\repository\org\apache\httpcomponents\httpmime\4.5.12\httpmime-4.5.12.jar;C:\Users\na\.m2\repository\org\hamcrest\hamcrest\2.1\hamcrest-2.1.jar;C:\Users\na\.m2\repository\org\ccil\cowan\tagsoup\tagsoup\1.2.1\tagsoup-1.2.1.jar;C:\Users\na\.m2\repository\io\rest-assured\json-path\4.3.0\json-path-4.3.0.jar;C:\Users\na\.m2\repository\org\codehaus\groovy\groovy-json\3.0.5\groovy-json-3.0.5.jar;C:\Users\na\.m2\repository\io\rest-assured\rest-assured-common\4.3.0\rest-assured-common-4.3.0.jar;C:\Users\na\.m2\repository\io\rest-assured\xml-path\4.3.0\xml-path-4.3.0.jar;C:\Users\na\.m2\repository\org\apache\commons\commons-lang3\3.9\commons-lang3-3.9.jar;C:\Users\na\.m2\repository\jakarta\xml\bind\jakarta.xml.bind-api\2.3.2\jakarta.xml.bind-api-2.3.2.jar;C:\Users\na\.m2\repository\jakarta\activation\jakarta.activation-api\1.2.1\jakarta.activation-api-1.2.1.jar;C:\Users\na\.m2\repository\org\apache\sling\org.apache.sling.javax.activation\0.1.0\org.apache.sling.javax.activation-0.1.0.jar;C:\Users\na\.m2\repository\io\quarkus\quarkus-openshift\1.8.3.Final\quarkus-openshift-1.8.3.Final.jar;C:\Users\na\.m2\repository\io\quarkus\quarkus-kubernetes-client-internal\1.8.3.Final\quarkus-kubernetes-client-internal-1.8.3.Final.jar;"/>
    <property name="sun.cpu.endian" value="little"/>
    <property name="user.home" value="C:\Users\na"/>
    <property name="user.language" value="en"/>
    <property name="java.specification.vendor" value="Oracle Corporation"/>
    <property name="java.version.date" value="2019-01-15"/>
    <property name="java.home" value="C:\Users\na\AppData\Local\jdk-11.0.2"/>
    <property name="file.separator" value="\"/>
    <property name="basedir" value="C:\Users\na\Downloads\devops\Quarkus\quarkus-webinar"/>
    <property name="java.vm.compressedOopsMode" value="Zero based"/>
    <property name="line.separator" value="&#10;"/>
    <property name="java.specification.name" value="Java Platform API Specification"/>
    <property name="java.vm.specification.vendor" value="Oracle Corporation"/>
    <property name="java.awt.graphicsenv" value="sun.awt.Win32GraphicsEnvironment"/>
    <property name="surefire.real.class.path" value="C:\Users\na\AppData\Local\Temp\surefire3481981825186156905\surefirebooter3374550783146695836.jar"/>
    <property name="user.script" value=""/>
    <property name="sun.management.compiler" value="HotSpot 64-Bit Tiered Compilers"/>
    <property name="java.runtime.version" value="11.0.2+9"/>
    <property name="user.name" value="na"/>
    <property name="path.separator" value=";"/>
    <property name="os.version" value="10.0"/>
    <property name="java.runtime.name" value="OpenJDK Runtime Environment"/>
    <property name="file.encoding" value="Cp1252"/>
    <property name="java.vm.name" value="OpenJDK 64-Bit Server VM"/>
    <property name="java.vendor.version" value="18.9"/>
    <property name="localRepository" value="C:\Users\na\.m2\repository"/>
    <property name="java.vendor.url.bug" value="http://bugreport.java.com/bugreport/"/>
    <property name="java.io.tmpdir" value="C:\Users\na\AppData\Local\Temp\"/>
    <property name="java.version" value="11.0.2"/>
    <property name="user.dir" value="C:\Users\na\Downloads\devops\Quarkus\quarkus-webinar"/>
    <property name="os.arch" value="amd64"/>
    <property name="java.vm.specification.name" value="Java Virtual Machine Specification"/>
    <property name="java.awt.printerjob" value="sun.awt.windows.WPrinterJob"/>
    <property name="sun.os.patch.level" value=""/>
    <property name="java.util.logging.manager" value="org.jboss.logmanager.LogManager"/>
    <property name="java.library.path" value="C:\Users\na\AppData\Local\jdk-11.0.2\bin;C:\Windows\Sun\Java\bin;C:\Windows\system32;C:\Windows;C:\Users\na\bin;C:\Program Files\Git\mingw64\bin;C:\Program Files\Git\usr\local\bin;C:\Program Files\Git\usr\bin;C:\Program Files\Git\usr\bin;C:\Program Files\Git\mingw64\bin;C:\Program Files\Git\usr\bin;C:\Users\na\bin;C:\Program Files\Common Files\Oracle\Java\javapath;C:\Program Files\ImageMagick-7.1.0-Q16-HDRI;C:\ProgramData\Oracle\Java\javapath;C:\Program Files (x86)\Intel\iCLS Client;C:\Program Files\Intel\iCLS Client;C:\Windows\system32;C:\Windows;C:\Windows\System32\Wbem;C:\Windows\System32\WindowsPowerShell\v1.0;C:\Program Files\Intel\WiFi\bin;C:\Program Files\Common Files\Intel\WirelessCommon;C:\Program Files (x86)\Intel\Intel(R) Management Engine Components\DAL;C:\Program Files\Intel\Intel(R) Management Engine Components\DAL;C:\Program Files (x86)\Intel\Intel(R) Management Engine Components\IPT;C:\Program Files\Intel\Intel(R) Management Engine Components\IPT;C:\Program Files\Dell\Dell Data Protection\Drivers\TSS\bin;C:\Program Files\Java\jdk1.8.0_131\bin;C:\Maven\apache-maven-3.5.0\bin;C:\Program Files\TortoiseSVN\bin;C:\Program Files (x86)\Microsoft SQL Server\Client SDK\ODBC\130\Tools\Binn;C:\Program Files (x86)\Microsoft SQL Server\140\Tools\Binn;C:\Program Files (x86)\Microsoft SQL Server\140\DTS\Binn;C:\Program Files (x86)\Microsoft SQL Server\140\Tools\Binn\ManagementStudio;C:\Program Files\Microsoft SQL Server\130\Tools\Binn;C:\Program Files\dotnet;C:\Program Files\OpenVPN\bin;C:\Program Files\Microsoft VS Code\bin;C:\xampp-1\php;C:\composer;C:\Program Files (x86)\Yarn\bin;C:\Program Files\nodejs;C:\Program Files\Git\cmd;C:\xampp-1\apache\bin;C:\Program Files\Kubernetes\Minikube;C:\Users\na\.jbang\bin;C:\Users\na\AppData\Local\Android\Sdk\platform-tools;C:\Users\na\AppData\Local\Android\Sdk\tools;C:\Users\na\AppData\Local\jdk-11.0.2\bin;C:\Users\na\PycharmProjects\Consol-foritGate\venv\Scripts;C:\Program Files (x86)\Common Files\Oracle\Java\javapath;C:\ProgramData\Oracle\Java\javapath;C:\Program Files (x86)\Intel\iCLS Client;C:\Program Files\Intel\iCLS Client;C:\Windows\system32;C:\Windows;C:\Windows\System32\Wbem;C:\Windows\System32\WindowsPowerShell\v1.0;C:\Program Files\Intel\WiFi\bin;C:\Program Files\Common Files\Intel\WirelessCommon;C:\Program Files (x86)\Intel\Intel(R) Management Engine Components\DAL;C:\Program Files\Intel\Intel(R) Management Engine Components\DAL;C:\Program Files (x86)\Intel\Intel(R) Management Engine Components\IPT;C:\Program Files\Intel\Intel(R) Management Engine Components\IPT;C:\Program Files\Dell\Dell Data Protection\Drivers\TSS\bin;C:\Program Files\Java\jdk-11\bin;C:\Program Files\TortoiseSVN\bin;C:\Program Files (x86)\Microsoft SQL;C:\Users\na\AppData\Roaming\npm;C:\Program Files\Maven\apache-maven-3.8.6\bin;C:\Program Files\Git\usr\bin\vendor_perl;C:\Program Files\Git\usr\bin\core_perl;."/>
    <property name="java.vendor" value="Oracle Corporation"/>
    <property name="java.vm.info" value="mixed mode"/>
    <property name="java.vm.version" value="11.0.2+9"/>
    <property name="sun.io.unicode.encoding" value="UnicodeLittle"/>
    <property name="java.class.version" value="55.0"/>
  </properties>
  <testcase name="testHelloEndpoint" classname="org.acme.resteasy.ExampleResourceTest" time="1.722"/>
</testsuite>